<?xml version="1.0" encoding="UTF-8"?>
<!-- Generated by org.testng.reporters.JUnitReportReporter -->
<testsuite hostname="DESKTOP-S8MV5KE" failures="0" tests="1" name="com.demowebshop.register.RegisterNewUserTest" time="10.272" errors="0" timestamp="2026-05-16T12:15:53 IST" skipped="0">
  <testcase classname="com.demowebshop.register.RegisterNewUserTest" name="newUserRegistration" time="10.272">
    <system-out>
      <![CDATA[Executing on test start
Test case Status: Pass
Executing on test success]]>
    </system-out>
  </testcase> <!-- newUserRegistration -->
  <system-out>
    <![CDATA[Executing on start
Executing on test start
Test case Status: Pass
Executing on test success]]>
  </system-out>
</testsuite> <!-- com.demowebshop.register.RegisterNewUserTest -->
