<?xml version="1.0" encoding="UTF-8"?>
<!-- Generated by org.testng.reporters.JUnitReportReporter -->
<testsuite hostname="DESKTOP-S8MV5KE" failures="0" tests="2" name="com.practice.LearningDependsOn1" time="0.018" errors="0" timestamp="2026-05-01T11:41:43 IST" skipped="1">
  <testcase classname="com.practice.LearningDependsOn1" name="loginDemowebshop" time="0.018"/>
  <testcase classname="com.practice.LearningDependsOn1" name="addProductAndCheckout">
    <skipped/>
  </testcase> <!-- addProductAndCheckout -->
</testsuite> <!-- com.practice.LearningDependsOn1 -->
