<?xml version="1.0" encoding="UTF-8"?>
<!-- Generated by org.testng.reporters.JUnitReportReporter -->
<testsuite hostname="DESKTOP-S8MV5KE" failures="0" tests="1" name="com.practice.Demo" time="0.023" errors="0" timestamp="2026-05-08T12:04:58 IST" skipped="0">
  <testcase classname="com.practice.Demo" name="testMethod" time="0.023">
    <system-out>
      <![CDATA[View in console only
View in console and Report]]>
    </system-out>
  </testcase> <!-- testMethod -->
  <system-out>
    <![CDATA[View in console only
View in console and Report]]>
  </system-out>
</testsuite> <!-- com.practice.Demo -->
