<?xml version="1.0" encoding="UTF-8"?>
<!-- Generated by org.testng.reporters.JUnitReportReporter -->
<testsuite hostname="DESKTOP-S8MV5KE" failures="0" tests="3" name="com.practice.Member" time="0.026" errors="0" timestamp="2026-04-30T11:07:36 IST" skipped="0">
  <testcase classname="com.practice.Member" name="deleteAddedMember" time="0.002"/>
  <testcase classname="com.practice.Member" name="addNewMember" time="0.003"/>
  <testcase classname="com.practice.Member" name="EditAddedMember" time="0.021"/>
</testsuite> <!-- com.practice.Member -->
