<?xml version="1.0" encoding="UTF-8"?>
<!-- Generated by org.testng.reporters.JUnitReportReporter -->
<testsuite hostname="DESKTOP-S8MV5KE" failures="0" tests="3" name="com.practice.LearningDependsOn" time="0.017" errors="0" timestamp="2026-05-01T11:23:46 IST" skipped="0">
  <testcase classname="com.practice.LearningDependsOn" name="parents" time="0.013"/>
  <testcase classname="com.practice.LearningDependsOn" name="children" time="0.001"/>
  <testcase classname="com.practice.LearningDependsOn" name="grandParents" time="0.003"/>
</testsuite> <!-- com.practice.LearningDependsOn -->
