<?xml version="1.0" encoding="UTF-8"?>
<!-- Generated by org.testng.reporters.JUnitReportReporter -->
<testsuite hostname="DESKTOP-S8MV5KE" failures="0" tests="10" name="com.practice.LearningThreadPoolSize" time="0.100" errors="0" timestamp="2026-04-30T11:48:13 IST" skipped="0">
  <testcase classname="com.practice.LearningThreadPoolSize" name="addNewMember" time="0.004"/>
  <testcase classname="com.practice.LearningThreadPoolSize" name="addNewMember" time="0.025"/>
  <testcase classname="com.practice.LearningThreadPoolSize" name="addNewMember" time="0.022"/>
  <testcase classname="com.practice.LearningThreadPoolSize" name="addNewMember" time="0.005"/>
  <testcase classname="com.practice.LearningThreadPoolSize" name="addNewMember" time="0.025"/>
  <testcase classname="com.practice.LearningThreadPoolSize" name="editAddedMember" time="0.009"/>
  <testcase classname="com.practice.LearningThreadPoolSize" name="editAddedMember" time="0.003"/>
  <testcase classname="com.practice.LearningThreadPoolSize" name="editAddedMember" time="0.003"/>
  <testcase classname="com.practice.LearningThreadPoolSize" name="deleteAddedMember" time="0.002"/>
  <testcase classname="com.practice.LearningThreadPoolSize" name="deleteAddedMember" time="0.002"/>
</testsuite> <!-- com.practice.LearningThreadPoolSize -->
