<?xml version="1.0" encoding="UTF-8"?>
<!-- Generated by org.testng.reporters.JUnitReportReporter -->
<testsuite hostname="DESKTOP-S8MV5KE" failures="0" tests="2" name="com.practice.UnderstandingConfigAnnotation" time="0.009" errors="0" timestamp="2026-04-29T11:41:46 IST" skipped="0">
  <testcase classname="com.practice.UnderstandingConfigAnnotation" name="editUser" time="0.002"/>
  <testcase classname="com.practice.UnderstandingConfigAnnotation" name="addUser" time="0.007"/>
</testsuite> <!-- com.practice.UnderstandingConfigAnnotation -->
