<?xml version="1.0" encoding="UTF-8"?>
<!-- Generated by org.testng.reporters.JUnitReportReporter -->
<testsuite hostname="DESKTOP-S8MV5KE" failures="0" tests="1" name="com.practice.PracticeListners" time="0.017" errors="0" timestamp="2026-05-13T11:12:39 IST" skipped="0">
  <testcase classname="com.practice.PracticeListners" name="testMethod1" time="0.017">
    <system-out>
      <![CDATA[Executing on test start
Executing Test Method 1
Executing on test success]]>
    </system-out>
  </testcase> <!-- testMethod1 -->
  <system-out>
    <![CDATA[Executing on start
Executing on test start
Executing Test Method 1
Executing on test success]]>
  </system-out>
</testsuite> <!-- com.practice.PracticeListners -->
