<?xml version="1.0" encoding="UTF-8"?>
<!-- Generated by org.testng.reporters.JUnitReportReporter -->
<testsuite hostname="DESKTOP-S8MV5KE" failures="0" tests="3" name="com.practice.LearningPriority" time="0.030" errors="0" timestamp="2026-04-30T11:19:35 IST" skipped="0">
  <testcase classname="com.practice.LearningPriority" name="addNewMember" time="0.024"/>
  <testcase classname="com.practice.LearningPriority" name="editAddedMember" time="0.004"/>
  <testcase classname="com.practice.LearningPriority" name="deleteAddedMember" time="0.002"/>
</testsuite> <!-- com.practice.LearningPriority -->
