<?xml version="1.0" encoding="UTF-8"?>
<!-- Generated by org.testng.reporters.JUnitReportReporter -->
<testsuite hostname="DESKTOP-S8MV5KE" failures="0" tests="7" name="com.practice.LearningInvocationCount" time="0.043" errors="0" timestamp="2026-04-30T11:29:24 IST" skipped="0">
  <testcase classname="com.practice.LearningInvocationCount" name="addNewMember" time="0.014"/>
  <testcase classname="com.practice.LearningInvocationCount" name="addNewMember" time="0.002"/>
  <testcase classname="com.practice.LearningInvocationCount" name="addNewMember" time="0.002"/>
  <testcase classname="com.practice.LearningInvocationCount" name="addNewMember" time="0.002"/>
  <testcase classname="com.practice.LearningInvocationCount" name="editAddedMember" time="0.003"/>
  <testcase classname="com.practice.LearningInvocationCount" name="addNewMember" time="0.017"/>
  <testcase classname="com.practice.LearningInvocationCount" name="deleteAddedMember" time="0.003"/>
</testsuite> <!-- com.practice.LearningInvocationCount -->
