<?xml version="1.0" encoding="UTF-8"?>
<!-- Generated by org.testng.reporters.JUnitReportReporter -->
<testsuite hostname="DESKTOP-S8MV5KE" failures="0" tests="1" name="com.practice.LearningAssertion" time="0.023" errors="0" timestamp="2026-05-11T11:02:19 IST" skipped="0">
  <testcase classname="com.practice.LearningAssertion" name="sumAssert" time="0.023">
    <system-out>
      <![CDATA[fail]]>
    </system-out>
  </testcase> <!-- sumAssert -->
  <system-out>
    <![CDATA[fail]]>
  </system-out>
</testsuite> <!-- com.practice.LearningAssertion -->
