<?xml version="1.0" encoding="UTF-8"?>
<!-- Generated by org.testng.reporters.JUnitReportReporter -->
<testsuite hostname="DESKTOP-S8MV5KE" failures="0" tests="5" name="com.practice.LearningDataProvider" time="0.026" errors="0" timestamp="2026-05-15T10:52:28 IST" skipped="0">
  <testcase classname="com.practice.LearningDataProvider" name="printData" time="0.005"/>
  <testcase classname="com.practice.LearningDataProvider" name="printData" time="0.002"/>
  <testcase classname="com.practice.LearningDataProvider" name="printData" time="0.001"/>
  <testcase classname="com.practice.LearningDataProvider" name="printData" time="0.015"/>
  <testcase classname="com.practice.LearningDataProvider" name="printData" time="0.003"/>
</testsuite> <!-- com.practice.LearningDataProvider -->
