<?xml version="1.0" encoding="UTF-8"?>
<!-- Generated by org.testng.reporters.JUnitXMLReporter -->
<testsuite ignored="0" hostname="DESKTOP-S8MV5KE" failures="1" tests="1" name="Test" time="0.129" errors="0" timestamp="2026-05-08T11:24:39 IST">
  <testcase classname="com.demowebshop.computers.DesktopsTest" name="addProductToCart" time="0.022">
    <failure type="java.lang.NullPointerException" message="Cannot invoke &amp;quot;com.demowebshop.object_repository.HomePage.clickOnComputersLink()&amp;quot; because &amp;quot;this.hp&amp;quot; is null">
      <![CDATA[java.lang.NullPointerException: Cannot invoke "com.demowebshop.object_repository.HomePage.clickOnComputersLink()" because "this.hp" is null
at com.demowebshop.computers.DesktopsTest.addProductToCart(DesktopsTest.java:27)
at java.base/java.util.ArrayList.forEach(ArrayList.java:1596)
... Removed 25 stack frames]]>
    </failure>
  </testcase> <!-- addProductToCart -->
</testsuite> <!-- Test -->
