<?xml version="1.0" encoding="UTF-8"?>
<!-- Generated by org.testng.reporters.JUnitXMLReporter -->
<testsuite ignored="8" hostname="DESKTOP-S8MV5KE" failures="0" tests="4" name="Test" time="31.311" errors="0" timestamp="2026-05-08T12:13:37 IST">
  <testcase classname="com.demowebshop.register.RegisterNewUserTest" name="newUserRegistration" time="4.125"/>
  <testcase classname="com.demowebshop.login.LoginTest" name="loginAsValidUser" time="3.778"/>
  <testcase classname="com.demowebshop.login.LoginTest" name="recoverPassword" time="3.482"/>
  <testcase classname="com.demowebshop.computers.DesktopsTest" name="addProductToCart" time="6.821"/>
  <testcase classname="com.demowebshop.generic_utility.BaseClass" name="@AfterTest configAfterTest" time="0.0">
    <ignored/>
  </testcase> <!-- @AfterTest configAfterTest -->
  <testcase classname="com.demowebshop.generic_utility.BaseClass" name="@BeforeSuite configBeforeSuite" time="0.0">
    <ignored/>
  </testcase> <!-- @BeforeSuite configBeforeSuite -->
  <testcase classname="com.demowebshop.generic_utility.BaseClass" name="@AfterSuite configAfterSuite" time="0.0">
    <ignored/>
  </testcase> <!-- @AfterSuite configAfterSuite -->
  <testcase classname="com.demowebshop.generic_utility.BaseClass" name="@BeforeTest configBeforeTest" time="0.0">
    <ignored/>
  </testcase> <!-- @BeforeTest configBeforeTest -->
  <testcase classname="com.demowebshop.generic_utility.BaseClass" name="@BeforeSuite configBeforeSuite" time="0.0">
    <ignored/>
  </testcase> <!-- @BeforeSuite configBeforeSuite -->
  <testcase classname="com.demowebshop.generic_utility.BaseClass" name="@AfterTest configAfterTest" time="0.0">
    <ignored/>
  </testcase> <!-- @AfterTest configAfterTest -->
  <testcase classname="com.demowebshop.generic_utility.BaseClass" name="@BeforeTest configBeforeTest" time="0.0">
    <ignored/>
  </testcase> <!-- @BeforeTest configBeforeTest -->
  <testcase classname="com.demowebshop.generic_utility.BaseClass" name="@AfterSuite configAfterSuite" time="0.0">
    <ignored/>
  </testcase> <!-- @AfterSuite configAfterSuite -->
</testsuite> <!-- Test -->
